MainThread - DEBUG - torrent file 
Torrent file decoded successfully ✅

MainThread - DEBUG - torrent file 
+-------------------+----------------------------------------------------------+
| TORRENT FILE DATA |                        DATA VALUE                        |
+-------------------+----------------------------------------------------------+
|   Tracker List    |            http://explodie.org:6969/announce             |
|                   |                ... 49 more tracker urls !                |
+-------------------+----------------------------------------------------------+
|     File name     | The 100 Best Business Books of All Time What They Say, W |
|                   | hy They Matter, and How They Can Help You (2016) [WWRG]  |
+-------------------+----------------------------------------------------------+
|     File size     |                        20475734 B                        |
+-------------------+----------------------------------------------------------+
|   Piece length    |                         65536 B                          |
+-------------------+----------------------------------------------------------+
|     Info Hash     |              20 Bytes file info hash value               |
+-------------------+----------------------------------------------------------+
|       Files       |                            3                             |
+-------------------+----------------------------------------------------------+

